[2022-06-26T16:02:43.124] [DEBUG] cheese - login => username:zs,password:123456
[2022-06-26T16:02:43.130] [DEBUG] cheese - zs
[2022-06-26T16:02:43.151] [DEBUG] cheese - null
[2022-06-26T16:02:43.152] [DEBUG] cheese - null
[2022-06-26T16:13:22.722] [DEBUG] cheese - login => username:admin,password:123456
[2022-06-26T16:13:22.723] [DEBUG] cheese - admin
[2022-06-26T16:13:22.732] [DEBUG] cheese - null
[2022-06-26T16:13:22.732] [DEBUG] cheese - null
[2022-06-27T16:37:32.647] [DEBUG] cheese - login => username:123,password:23fdad
[2022-06-27T16:37:32.649] [DEBUG] cheese - 123
[2022-06-27T16:37:32.664] [DEBUG] cheese - null
[2022-06-27T16:37:32.665] [DEBUG] cheese - null
[2022-06-27T16:37:48.248] [DEBUG] cheese - login => username:admin,password:123456
[2022-06-27T16:37:48.248] [DEBUG] cheese - admin
[2022-06-27T16:37:48.253] [DEBUG] cheese - null
[2022-06-27T16:37:48.253] [DEBUG] cheese - null
[2022-06-27T16:39:39.498] [DEBUG] cheese - login => username:123,password:23daff
[2022-06-27T16:39:39.499] [DEBUG] cheese - 123
[2022-06-27T16:39:39.500] [DEBUG] cheese - null
[2022-06-27T16:39:39.500] [DEBUG] cheese - null
[2022-06-27T16:39:54.441] [DEBUG] cheese - login => username:admin,password:123456
[2022-06-27T16:39:54.441] [DEBUG] cheese - admin
[2022-06-27T16:39:54.443] [DEBUG] cheese - null
[2022-06-27T16:39:54.444] [DEBUG] cheese - null
[2022-06-27T16:39:57.241] [DEBUG] cheese - login => username:admin,password:123456
[2022-06-27T16:39:57.241] [DEBUG] cheese - admin
[2022-06-27T16:39:57.244] [DEBUG] cheese - null
[2022-06-27T16:39:57.244] [DEBUG] cheese - null
[2022-06-27T16:40:24.288] [DEBUG] cheese - login => username:admin,password:123456
[2022-06-27T16:40:24.289] [DEBUG] cheese - admin
[2022-06-27T16:40:24.291] [DEBUG] cheese - null
[2022-06-27T16:40:24.291] [DEBUG] cheese - null
[2022-06-27T16:41:13.145] [DEBUG] cheese - login => username:admin,password:123456
[2022-06-27T16:41:13.145] [DEBUG] cheese - admin
[2022-06-27T16:41:13.146] [DEBUG] cheese - null
[2022-06-27T16:41:13.146] [DEBUG] cheese - null
[2022-06-27T16:41:17.064] [DEBUG] cheese - login => username:admin,password:123456a
[2022-06-27T16:41:17.064] [DEBUG] cheese - admin
[2022-06-27T16:41:17.068] [DEBUG] cheese - null
[2022-06-27T16:41:17.068] [DEBUG] cheese - null
[2022-06-27T17:14:17.908] [DEBUG] cheese - login => username:admin,password:123456
[2022-06-27T17:14:17.908] [DEBUG] cheese - admin
[2022-06-27T17:14:17.917] [DEBUG] cheese - null
[2022-06-27T17:14:17.917] [DEBUG] cheese - null
[2022-06-27T17:14:22.878] [DEBUG] cheese - login => username:admin,password:1234562
[2022-06-27T17:14:22.878] [DEBUG] cheese - admin
[2022-06-27T17:14:22.882] [DEBUG] cheese - null
[2022-06-27T17:14:22.882] [DEBUG] cheese - null
[2022-06-27T17:14:51.277] [DEBUG] cheese - login => username:admin,password:123456
[2022-06-27T17:14:51.277] [DEBUG] cheese - admin
[2022-06-27T17:14:51.281] [DEBUG] cheese - null
[2022-06-27T17:14:51.281] [DEBUG] cheese - null
[2022-06-27T17:18:08.109] [DEBUG] cheese - login => username:admin,password:123456
[2022-06-27T17:18:08.109] [DEBUG] cheese - admin
[2022-06-27T17:18:08.118] [DEBUG] cheese - null
[2022-06-27T17:18:08.118] [DEBUG] cheese - null
[2022-06-27T17:25:39.021] [DEBUG] cheese - login => username:admin,password:123456
[2022-06-27T17:25:39.021] [DEBUG] cheese - admin
[2022-06-27T17:25:39.030] [DEBUG] cheese - null
[2022-06-27T17:25:39.030] [DEBUG] cheese - null
[2022-06-27T17:27:50.855] [DEBUG] cheese - login => username:admin,password:123456
[2022-06-27T17:27:50.855] [DEBUG] cheese - admin
[2022-06-27T17:27:50.864] [DEBUG] cheese - null
[2022-06-27T17:27:50.864] [DEBUG] cheese - null
[2022-06-27T17:29:02.421] [DEBUG] cheese - login => username:admin,password:123456
[2022-06-27T17:29:02.421] [DEBUG] cheese - admin
[2022-06-27T17:29:02.423] [DEBUG] cheese - null
[2022-06-27T17:29:02.423] [DEBUG] cheese - null
[2022-06-27T17:30:00.397] [DEBUG] cheese - login => username:admin,password:123456
[2022-06-27T17:30:00.397] [DEBUG] cheese - admin
[2022-06-27T17:30:00.400] [DEBUG] cheese - null
[2022-06-27T17:30:00.400] [DEBUG] cheese - null
[2022-06-27T17:44:29.644] [DEBUG] cheese - login => username:admin,password:123456
[2022-06-27T17:44:29.644] [DEBUG] cheese - admin
[2022-06-27T17:44:29.654] [DEBUG] cheese - null
[2022-06-27T17:44:29.654] [DEBUG] cheese - null
[2022-06-27T17:44:50.190] [DEBUG] cheese - login => username:admin,password:123456
[2022-06-27T17:44:50.191] [DEBUG] cheese - admin
[2022-06-27T17:44:50.193] [DEBUG] cheese - null
[2022-06-27T17:44:50.193] [DEBUG] cheese - null
[2022-06-27T17:44:58.788] [DEBUG] cheese - login => username:admin,password:1234562
[2022-06-27T17:44:58.788] [DEBUG] cheese - admin
[2022-06-27T17:44:58.791] [DEBUG] cheese - null
[2022-06-27T17:44:58.791] [DEBUG] cheese - null
[2022-06-27T17:45:04.909] [DEBUG] cheese - login => username:admin,password:123456
[2022-06-27T17:45:04.909] [DEBUG] cheese - admin
[2022-06-27T17:45:04.912] [DEBUG] cheese - null
[2022-06-27T17:45:04.912] [DEBUG] cheese - null
[2022-06-27T17:50:22.076] [DEBUG] cheese - login => username:admin,password:123456
[2022-06-27T17:50:22.076] [DEBUG] cheese - admin
[2022-06-27T17:50:22.081] [DEBUG] cheese - null
[2022-06-27T17:50:22.081] [DEBUG] cheese - null
[2022-06-27T18:20:34.248] [DEBUG] cheese - login => username:admin,password:123456
[2022-06-27T18:20:34.249] [DEBUG] cheese - admin
[2022-06-27T18:20:34.256] [DEBUG] cheese - null
[2022-06-27T18:20:34.256] [DEBUG] cheese - null
[2022-06-27T19:29:23.866] [DEBUG] cheese - login => username:admin,password:123456
[2022-06-27T19:29:23.866] [DEBUG] cheese - admin
[2022-06-27T19:29:23.874] [DEBUG] cheese - null
[2022-06-27T19:29:23.874] [DEBUG] cheese - null
[2022-06-27T19:37:01.090] [DEBUG] cheese - login => username:admin,password:123456
[2022-06-27T19:37:01.090] [DEBUG] cheese - admin
[2022-06-27T19:37:01.097] [DEBUG] cheese - null
[2022-06-27T19:37:01.097] [DEBUG] cheese - null
[2022-06-27T19:49:05.886] [DEBUG] cheese - login => username:admin,password:123456
[2022-06-27T19:49:05.887] [DEBUG] cheese - admin
[2022-06-27T19:49:05.893] [DEBUG] cheese - null
[2022-06-27T19:49:05.893] [DEBUG] cheese - null
[2022-06-27T19:49:55.828] [DEBUG] cheese - login => username:admin,password:123456
[2022-06-27T19:49:55.828] [DEBUG] cheese - admin
[2022-06-27T19:49:55.830] [DEBUG] cheese - null
[2022-06-27T19:49:55.830] [DEBUG] cheese - null
[2022-06-27T19:58:11.429] [DEBUG] cheese - login => username:admin,password:123456
[2022-06-27T19:58:11.430] [DEBUG] cheese - admin
[2022-06-27T19:58:11.440] [DEBUG] cheese - null
[2022-06-27T19:58:11.440] [DEBUG] cheese - null
[2022-06-27T20:02:23.723] [DEBUG] cheese - login => username:admin,password:123456
[2022-06-27T20:02:23.723] [DEBUG] cheese - admin
[2022-06-27T20:02:23.725] [DEBUG] cheese - null
[2022-06-27T20:02:23.725] [DEBUG] cheese - null
[2022-06-27T20:02:36.109] [DEBUG] cheese - login => username:admin,password:123456
[2022-06-27T20:02:36.109] [DEBUG] cheese - admin
[2022-06-27T20:02:36.111] [DEBUG] cheese - null
[2022-06-27T20:02:36.111] [DEBUG] cheese - null
[2022-06-27T20:03:10.117] [DEBUG] cheese - login => username:admin,password:123456
[2022-06-27T20:03:10.117] [DEBUG] cheese - admin
[2022-06-27T20:03:10.120] [DEBUG] cheese - null
[2022-06-27T20:03:10.120] [DEBUG] cheese - null
[2022-06-28T08:04:03.084] [DEBUG] cheese - login => username:admin,password:123456
[2022-06-28T08:04:03.085] [DEBUG] cheese - admin
[2022-06-28T08:04:03.099] [DEBUG] cheese - null
[2022-06-28T08:04:03.099] [DEBUG] cheese - null
[2022-06-28T08:25:47.366] [DEBUG] cheese - login => username:admin,password:123456
[2022-06-28T08:25:47.367] [DEBUG] cheese - admin
[2022-06-28T08:25:47.373] [DEBUG] cheese - null
[2022-06-28T08:25:47.373] [DEBUG] cheese - null
[2022-06-28T08:41:10.399] [DEBUG] cheese - login => username:admin,password:123456
[2022-06-28T08:41:10.399] [DEBUG] cheese - admin
[2022-06-28T08:41:10.403] [DEBUG] cheese - null
[2022-06-28T08:41:10.404] [DEBUG] cheese - null
[2022-06-28T08:41:41.413] [DEBUG] cheese - login => username:admin,password:123456
[2022-06-28T08:41:41.413] [DEBUG] cheese - admin
[2022-06-28T08:41:41.415] [DEBUG] cheese - null
[2022-06-28T08:41:41.416] [DEBUG] cheese - null
[2022-07-03T17:43:50.193] [DEBUG] cheese - login => username:admin,password:123456
[2022-07-03T17:43:50.196] [DEBUG] cheese - admin
[2022-07-03T17:43:50.221] [DEBUG] cheese - null
[2022-07-03T17:43:50.222] [DEBUG] cheese - null
